[debug] > Exec(test, None, None)
[debug] Evaluating tasks: Test / test
[debug] Running task... Cancel: Signal, check cycles: false, forcegc: true
[info] TestMultiply:
[info] Multiply
[info] - should calculate the value of expression a * b
[info] TestCompare:
[info] Compare
[info] - should compare values a and b depending of a chosen mode
[info] TestAdd:
[info] Add
[info] - should calculate the value of expression a + b
[info] - should also calculate the value of expression a - b
[info] TestDivide:
[info] Divide
[info] - should calculate the value of expression a / b
[info] TestConvert:
[info] Convert
[info] - should convert fpu8 from E4M3 encoding to E5M2 encoding.
[info] - should also convert fpu8 from E5M2 encoding to E4M3 encoding.
[info] TestGenerateFinalResult:
[info] GenerateFinalResult
[info] - should give the 8-bit floating point representation of the result
[info] TestFPU8Generator:
[info] FPU8Generator
[info] - should calculate various expressions between numbers in a E4M3 fp8 representation.
[info] - should also calculate various expressions between numbers in a E5M2 fp8 representation.
[info] TestFPU8Top:
[info] FPU8Top
[info] - should calculate various expressions between numbers in two different fp8 representations.
[info] Run completed in 12 seconds, 255 milliseconds.
[info] Total number of tests run: 11
[info] Suites: completed 8, aborted 0
[info] Tests: succeeded 11, failed 0, canceled 0, ignored 0, pending 0
[info] All tests passed.
[success] Total time: 13 s, completed Oct 15, 2024, 4:30:08 PM
[debug] > Exec(idea-shell, None, None)
